<?xml version="1.0" encoding="UTF-8"?>
<testng-results ignored="0" total="1" passed="1" failed="0" skipped="0">
  <reporter-output>
  </reporter-output>
  <suite started-at="2022-11-30T00:22:31 IST" name="Regression Suite" finished-at="2022-11-30T00:22:42 IST" duration-ms="11415">
    <groups>
    </groups>
    <test started-at="2022-11-30T00:22:31 IST" name="Regression Test" finished-at="2022-11-30T00:22:42 IST" duration-ms="11415">
      <class name="com.dalalstreet.testLayer.LoginPageTest">
        <test-method is-config="true" signature="start()[pri:0, instance:com.dalalstreet.testLayer.LoginPageTest@5876a9af]" started-at="2022-11-30T00:22:31 IST" name="start" finished-at="2022-11-30T00:22:31 IST" duration-ms="135" status="PASS">
          <reporter-output>
          </reporter-output>
        </test-method> <!-- start -->
        <test-method is-config="true" signature="setup(java.lang.String)[pri:0, instance:com.dalalstreet.testLayer.LoginPageTest@5876a9af]" started-at="2022-11-30T00:22:31 IST" name="setup" finished-at="2022-11-30T00:22:42 IST" duration-ms="11205" status="PASS">
          <params>
            <param index="0">
              <value>
                <![CDATA[chrome]]>
              </value>
            </param>
          </params>
          <reporter-output>
          </reporter-output>
        </test-method> <!-- setup -->
        <test-method signature="verifyLoginTest()[pri:0, instance:com.dalalstreet.testLayer.LoginPageTest@5876a9af]" started-at="2022-11-30T00:22:42 IST" name="verifyLoginTest" finished-at="2022-11-30T00:22:42 IST" duration-ms="35" status="PASS">
          <reporter-output>
          </reporter-output>
        </test-method> <!-- verifyLoginTest -->
        <test-method is-config="true" signature="teardown()[pri:0, instance:com.dalalstreet.testLayer.LoginPageTest@5876a9af]" started-at="2022-11-30T00:22:42 IST" name="teardown" finished-at="2022-11-30T00:22:42 IST" duration-ms="0" status="PASS">
          <reporter-output>
          </reporter-output>
        </test-method> <!-- teardown -->
        <test-method is-config="true" signature="end()[pri:0, instance:com.dalalstreet.testLayer.LoginPageTest@5876a9af]" started-at="2022-11-30T00:22:42 IST" name="end" finished-at="2022-11-30T00:22:42 IST" duration-ms="2" status="PASS">
          <reporter-output>
          </reporter-output>
        </test-method> <!-- end -->
      </class> <!-- com.dalalstreet.testLayer.LoginPageTest -->
    </test> <!-- Regression Test -->
  </suite> <!-- Regression Suite -->
</testng-results>
